-------------------------------------------------------------------------------
Test set: ReverseHelloTest
-------------------------------------------------------------------------------
Tests run: 1, Failures: 1, Errors: 0, Skipped: 0, Time elapsed: 0.002 s <<< FAILURE! -- in ReverseHelloTest
ReverseHelloTest.testReverseHello -- Time elapsed: 0 s <<< FAILURE!
org.junit.ComparisonFailure: 
expected:<[Hello from thread 50
Hello from thread 49
Hello from thread 48
Hello from thread 47
Hello from thread 46
Hello from thread 45
Hello from thread 44
Hello from thread 43
Hello from thread 42
Hello from thread 41
Hello from thread 40
Hello from thread 39
Hello from thread 38
Hello from thread 37
Hello from thread 36
Hello from thread 35
Hello from thread 34
Hello from thread 33
Hello from thread 32
Hello from thread 31
Hello from thread 30
Hello from thread 29
Hello from thread 28
Hello from thread 27
Hello from thread 26
Hello from thread 25
Hello from thread 24
Hello from thread 23
Hello from thread 22
Hello from thread 21
Hello from thread 20
Hello from thread 19
Hello from thread 18
Hello from thread 17
Hello from thread 16
Hello from thread 15
Hello from thread 14
Hello from thread 13
Hello from thread 12
Hello from thread 11
Hello from thread 10
Hello from thread 9
Hello from thread 8
Hello from thread 7
Hello from thread 6
Hello from thread 5
Hello from thread 4
Hello from thread 3
Hello from thread 2
Hello from thread 1
]> but was:<[]>
	at org.junit.Assert.assertEquals(Assert.java:117)
	at kotlin.test.junit.JUnitAsserter.assertEquals(JUnitSupport.kt:32)
	at kotlin.test.AssertionsKt__AssertionsKt.assertEquals(Assertions.kt:63)
	at kotlin.test.AssertionsKt.assertEquals(Unknown Source)
	at kotlin.test.AssertionsKt__AssertionsKt.assertEquals$default(Assertions.kt:62)
	at kotlin.test.AssertionsKt.assertEquals$default(Unknown Source)
	at ReverseHelloTest.testReverseHello(ReverseHelloTest.kt:18)
	at java.base/jdk.internal.reflect.DirectMethodHandleAccessor.invoke(DirectMethodHandleAccessor.java:103)
	at java.base/java.lang.reflect.Method.invoke(Method.java:580)
	at org.junit.runners.model.FrameworkMethod$1.runReflectiveCall(FrameworkMethod.java:59)
	at org.junit.internal.runners.model.ReflectiveCallable.run(ReflectiveCallable.java:12)
	at org.junit.runners.model.FrameworkMethod.invokeExplosively(FrameworkMethod.java:56)
	at org.junit.internal.runners.statements.InvokeMethod.evaluate(InvokeMethod.java:17)
	at org.junit.contrib.java.lang.system.internal.LogPrintStream$1$1.evaluate(LogPrintStream.java:30)
	at org.junit.contrib.java.lang.system.internal.PrintStreamHandler$3.evaluate(PrintStreamHandler.java:48)
	at org.junit.contrib.java.lang.system.internal.LogPrintStream$1.evaluate(LogPrintStream.java:26)
	at org.junit.runners.ParentRunner$3.evaluate(ParentRunner.java:306)
	at org.junit.runners.BlockJUnit4ClassRunner$1.evaluate(BlockJUnit4ClassRunner.java:100)
	at org.junit.runners.ParentRunner.runLeaf(ParentRunner.java:366)
	at org.junit.runners.BlockJUnit4ClassRunner.runChild(BlockJUnit4ClassRunner.java:103)
	at org.junit.runners.BlockJUnit4ClassRunner.runChild(BlockJUnit4ClassRunner.java:63)
	at org.junit.runners.ParentRunner$4.run(ParentRunner.java:331)
	at org.junit.runners.ParentRunner$1.schedule(ParentRunner.java:79)
	at org.junit.runners.ParentRunner.runChildren(ParentRunner.java:329)
	at org.junit.runners.ParentRunner.access$100(ParentRunner.java:66)
	at org.junit.runners.ParentRunner$2.evaluate(ParentRunner.java:293)
	at org.junit.runners.ParentRunner$3.evaluate(ParentRunner.java:306)
	at org.junit.runners.ParentRunner.run(ParentRunner.java:413)
	at org.apache.maven.surefire.junit4.JUnit4Provider.execute(JUnit4Provider.java:316)
	at org.apache.maven.surefire.junit4.JUnit4Provider.executeWithRerun(JUnit4Provider.java:240)
	at org.apache.maven.surefire.junit4.JUnit4Provider.executeTestSet(JUnit4Provider.java:214)
	at org.apache.maven.surefire.junit4.JUnit4Provider.invoke(JUnit4Provider.java:155)
	at org.apache.maven.surefire.booter.ForkedBooter.runSuitesInProcess(ForkedBooter.java:385)
	at org.apache.maven.surefire.booter.ForkedBooter.execute(ForkedBooter.java:162)
	at org.apache.maven.surefire.booter.ForkedBooter.run(ForkedBooter.java:507)
	at org.apache.maven.surefire.booter.ForkedBooter.main(ForkedBooter.java:495)

