<?xml version="1.0" encoding="UTF-8"?>
<testsuite xmlns:xsi="http://www.w3.org/2001/XMLSchema-instance" xsi:noNamespaceSchemaLocation="https://maven.apache.org/surefire/maven-surefire-plugin/xsd/surefire-test-report-3.0.xsd" version="3.0" name="SumThreadTest" time="17.142" tests="1" errors="0" skipped="0" failures="0">
  <properties>
[...]
</properties>
  <testcase name="testSum" classname="SumThreadTest" time="17.14">
    <system-out><![CDATA[Warmup sequential total = 5.515857433736311E7
Number of processors = 12
-----------------------------
Number of threads: 1
Sequential sum = 1.83861914457877E7
Parallel sum: 1.83861914457877E7
Sequential time = 506.603706ms
Parallel time = 539.774624ms
Speedup = 0.9385467257534508
-----------------------------
Number of threads: 2
Sequential sum = 1.83861914457877E7
Parallel sum: 1.8386191445787296E7
Sequential time = 506.603706ms
Parallel time = 340.724131ms
Speedup = 1.4868442235457635
-----------------------------
Number of threads: 3
Sequential sum = 1.83861914457877E7
Parallel sum: 1.8386191445787035E7
Sequential time = 506.603706ms
Parallel time = 318.220252ms
Speedup = 1.5919907762501553
-----------------------------
Number of threads: 4
Sequential sum = 1.83861914457877E7
Parallel sum: 1.8386191445786826E7
Sequential time = 506.603706ms
Parallel time = 275.679509ms
Speedup = 1.8376545570530598
-----------------------------
Number of threads: 5
Sequential sum = 1.83861914457877E7
Parallel sum: 1.8386191445787914E7
Sequential time = 506.603706ms
Parallel time = 232.197319ms
Speedup = 2.1817810308137107
-----------------------------
Number of threads: 6
Sequential sum = 1.83861914457877E7
Parallel sum: 1.8386191445787508E7
Sequential time = 506.603706ms
Parallel time = 200.258393ms
Speedup = 2.5297501813070076
-----------------------------
Number of threads: 7
Sequential sum = 1.83861914457877E7
Parallel sum: 1.8386191445788074E7
Sequential time = 506.603706ms
Parallel time = 176.492625ms
Speedup = 2.8703958933128226
-----------------------------
Number of threads: 8
Sequential sum = 1.83861914457877E7
Parallel sum: 1.838619144578792E7
Sequential time = 506.603706ms
Parallel time = 155.528039ms
Speedup = 3.257314303307071
-----------------------------
Number of threads: 9
Sequential sum = 1.83861914457877E7
Parallel sum: 1.8386191445787665E7
Sequential time = 506.603706ms
Parallel time = 141.553102ms
Speedup = 3.578895120221385
-----------------------------
Number of threads: 10
Sequential sum = 1.83861914457877E7
Parallel sum: 1.8386191445787568E7
Sequential time = 506.603706ms
Parallel time = 127.334101ms
Speedup = 3.978539150325489
-----------------------------
Number of threads: 11
Sequential sum = 1.83861914457877E7
Parallel sum: 1.8386191445787683E7
Sequential time = 506.603706ms
Parallel time = 142.284926ms
Speedup = 3.5604875389259436
-----------------------------
Number of threads: 12
Sequential sum = 1.83861914457877E7
Parallel sum: 1.838619144578738E7
Sequential time = 506.603706ms
Parallel time = 122.127819ms
Speedup = 4.148143397205841
-----------------------------
Number of threads: 13
Sequential sum = 1.83861914457877E7
Parallel sum: 1.8386191445787624E7
Sequential time = 506.603706ms
Parallel time = 137.117942ms
Speedup = 3.694656575286114
-----------------------------
Number of threads: 14
Sequential sum = 1.83861914457877E7
Parallel sum: 1.8386191445787385E7
Sequential time = 506.603706ms
Parallel time = 156.901964ms
Speedup = 3.228791361719347
]]></system-out>
  </testcase>
</testsuite>