<?xml version="1.0" encoding="UTF-8"?>
<testsuite xmlns:xsi="http://www.w3.org/2001/XMLSchema-instance" xsi:noNamespaceSchemaLocation="https://maven.apache.org/surefire/maven-surefire-plugin/xsd/surefire-test-report-3.0.xsd" version="3.0" name="SumForkJoinTest" time="5.786" tests="1" errors="0" skipped="0" failures="0">
  <properties>
[...]
</properties>
  <testcase name="testSum" classname="SumForkJoinTest" time="5.693">
    <system-out><![CDATA[Warmup sequential total = 37128.0
Sum of list = 12376
Measured sequential time = 163.408776ms
Number of processors = 12
-----------------------------
cutoff / seq time / parallel time / speedup
         1 163.408776ms 222.310296ms   0.735
         2 163.408776ms 134.427655ms   1.216
         3 163.408776ms 73.952768ms   2.210
         4 163.408776ms 68.562864ms   2.383
        10 163.408776ms 49.575507ms   3.296
       100 163.408776ms 28.231123ms   5.788
      1000 163.408776ms 27.281963ms   5.990
     10000 163.408776ms 33.843336ms   4.828
     50000 163.408776ms 100.867469ms   1.620
    100000 163.408776ms 164.005352ms   0.996
]]></system-out>
  </testcase>
</testsuite>