<?xml version="1.0" encoding="UTF-8"?>
<testsuite xmlns:xsi="http://www.w3.org/2001/XMLSchema-instance" xsi:noNamespaceSchemaLocation="https://maven.apache.org/surefire/maven-surefire-plugin/xsd/surefire-test-report-3.0.xsd" version="3.0" name="LongestSequenceTest" time="28.346" tests="2" errors="0" skipped="0" failures="0">
  <properties>
[...]
</properties>
  <testcase name="testTrivialLongestSequence" classname="LongestSequenceTest" time="0.047"/>
  <testcase name="testLongestSequence" classname="LongestSequenceTest" time="28.269">
    <system-out><![CDATA[Warmup sequential total = 15
Max sequence length = 5
Measured sequential time = 3.821314217s
Number of processors = 12
-----------------------------
cutoff / seq time / parallel time / speedup
         1 3.821314217s 535.495046ms   7.136
         2 3.821314217s 533.700469ms   7.160
         3 3.821314217s 640.624901ms   5.965
         4 3.821314217s 657.534321ms   5.812
        10 3.821314217s 814.325732ms   4.693
]]></system-out>
  </testcase>
</testsuite>